<?xml version="1.0" encoding="UTF-8"?>
<testsuite xmlns:xsi="http://www.w3.org/2001/XMLSchema-instance" xsi:noNamespaceSchemaLocation="https://maven.apache.org/surefire/maven-surefire-plugin/xsd/surefire-test-report-3.0.xsd" version="3.0" name="rest.AutomateGetTest" time="11.156" tests="8" errors="0" skipped="0" failures="0">
  <properties>
[...]
</properties>
  <testcase name="restSpecificationsUsage" classname="rest.AutomateGetTest" time="2.361">
    <system-out><![CDATA[HTTP/1.1 200 OK
Access-Control-Allow-Origin: *
Content-Encoding: gzip
Content-Type: application/json; charset=utf-8
Date: Sat, 14 Aug 2021 22:13:25 GMT
ETag: W/"117-N/bAAYkc7htaIAny3w/rDId8NfU"
Server: nginx
Vary: Accept-Encoding
x-frame-options: SAMEORIGIN
X-RateLimit-Limit: 60
X-RateLimit-Remaining: 58
X-RateLimit-Reset: 1628979244
x-srv-span: v=1;s=4f26480a51d6b3db
x-srv-trace: v=1;t=89ac6881af6b3d86
Content-Length: 180
Connection: keep-alive

{
    "workspaces": [
        {
            "id": "ab4c35c8-6890-4591-b547-de7fcd09edfd",
            "name": "MyNewWorkspace",
            "type": "personal"
        },
        {
            "id": "c494bed1-391c-4f96-8ddd-108cde3acf46",
            "name": "MyLastWorkspace",
            "type": "personal"
        },
        {
            "id": "e08a0c50-dfbd-4bae-80be-d6cfc6a9fcfe",
            "name": "My Workspace",
            "type": "personal"
        }
    ]
}
]]></system-out>
  </testcase>
  <testcase name="extractResponse" classname="rest.AutomateGetTest" time="0.797">
    <system-out><![CDATA[HTTP/1.1 200 OK
Access-Control-Allow-Origin: *
Content-Encoding: gzip
Content-Type: application/json; charset=utf-8
Date: Sat, 14 Aug 2021 22:13:26 GMT
ETag: W/"117-N/bAAYkc7htaIAny3w/rDId8NfU"
Server: nginx
Vary: Accept-Encoding
x-frame-options: SAMEORIGIN
X-RateLimit-Limit: 60
X-RateLimit-Remaining: 57
X-RateLimit-Reset: 1628979244
x-srv-span: v=1;s=4f19626dd1a067c2
x-srv-trace: v=1;t=db98f84275252031
Content-Length: 180
Connection: keep-alive

{
    "workspaces": [
        {
            "id": "ab4c35c8-6890-4591-b547-de7fcd09edfd",
            "name": "MyNewWorkspace",
            "type": "personal"
        },
        {
            "id": "c494bed1-391c-4f96-8ddd-108cde3acf46",
            "name": "MyLastWorkspace",
            "type": "personal"
        },
        {
            "id": "e08a0c50-dfbd-4bae-80be-d6cfc6a9fcfe",
            "name": "My Workspace",
            "type": "personal"
        }
    ]
}
Response is: Sat, 14 Aug 2021 22:13:26 GMT
]]></system-out>
  </testcase>
  <testcase name="validateGetStatusCode" classname="rest.AutomateGetTest" time="0.806">
    <system-out><![CDATA[HTTP/1.1 200 OK
Access-Control-Allow-Origin: *
Content-Encoding: gzip
Content-Type: application/json; charset=utf-8
Date: Sat, 14 Aug 2021 22:13:27 GMT
ETag: W/"117-N/bAAYkc7htaIAny3w/rDId8NfU"
Server: nginx
Vary: Accept-Encoding
x-frame-options: SAMEORIGIN
X-RateLimit-Limit: 60
X-RateLimit-Remaining: 56
X-RateLimit-Reset: 1628979244
x-srv-span: v=1;s=6b7b3228550f802a
x-srv-trace: v=1;t=351d1bdd1e50490b
Content-Length: 180
Connection: keep-alive

{
    "workspaces": [
        {
            "id": "ab4c35c8-6890-4591-b547-de7fcd09edfd",
            "name": "MyNewWorkspace",
            "type": "personal"
        },
        {
            "id": "c494bed1-391c-4f96-8ddd-108cde3acf46",
            "name": "MyLastWorkspace",
            "type": "personal"
        },
        {
            "id": "e08a0c50-dfbd-4bae-80be-d6cfc6a9fcfe",
            "name": "My Workspace",
            "type": "personal"
        }
    ]
}
]]></system-out>
  </testcase>
  <testcase name="mockServerHeadersTest" classname="rest.AutomateGetTest" time="0.903">
    <system-out><![CDATA[HTTP/1.1 200 OK
Date: Sat, 14 Aug 2021 22:13:28 GMT
Content-Type: application/json; charset=utf-8
Transfer-Encoding: chunked
Connection: keep-alive
Server: nginx
x-srv-trace: v=1;t=0afe652fd7f6bb7d
x-srv-span: v=1;s=fb48fdb09e8316e6
Access-Control-Allow-Origin: *
X-RateLimit-Limit: 120
X-RateLimit-Remaining: 119
X-RateLimit-Reset: 1628979268
headerResponse: resValue2
ETag: W/"1d-Ddwrw48ax0ZWYGj8bwONK3UIwr4"
Vary: Accept-Encoding
Content-Encoding: gzip

{
    "msg": "HeaderValue2"
}
]]></system-out>
  </testcase>
  <testcase name="assertResponseHeaders" classname="rest.AutomateGetTest" time="3.414">
    <system-out><![CDATA[HTTP/1.1 200 OK
Date: Sat, 14 Aug 2021 22:13:32 GMT
Content-Type: application/json; charset=utf-8
Transfer-Encoding: chunked
Connection: keep-alive
Server: nginx
x-srv-trace: v=1;t=415e9883cbc3625a
x-srv-span: v=1;s=8771c344fb0bd68b
Access-Control-Allow-Origin: *
X-RateLimit-Limit: 120
X-RateLimit-Remaining: 118
X-RateLimit-Reset: 1628979268
headerResponse: resValue2
ETag: W/"1d-Ddwrw48ax0ZWYGj8bwONK3UIwr4"
Vary: Accept-Encoding
Content-Encoding: gzip

{
    "msg": "HeaderValue2"
}
]]></system-out>
  </testcase>
  <testcase name="validateResponseBodyHamcrest" classname="rest.AutomateGetTest" time="0.804">
    <system-out><![CDATA[HTTP/1.1 200 OK
Access-Control-Allow-Origin: *
Content-Encoding: gzip
Content-Type: application/json; charset=utf-8
Date: Sat, 14 Aug 2021 22:13:32 GMT
ETag: W/"117-N/bAAYkc7htaIAny3w/rDId8NfU"
Server: nginx
Vary: Accept-Encoding
x-frame-options: SAMEORIGIN
X-RateLimit-Limit: 60
X-RateLimit-Remaining: 55
X-RateLimit-Reset: 1628979244
x-srv-span: v=1;s=c5ae0ed357d1cc04
x-srv-trace: v=1;t=637f8c42cf370310
Content-Length: 180
Connection: keep-alive

{
    "workspaces": [
        {
            "id": "ab4c35c8-6890-4591-b547-de7fcd09edfd",
            "name": "MyNewWorkspace",
            "type": "personal"
        },
        {
            "id": "c494bed1-391c-4f96-8ddd-108cde3acf46",
            "name": "MyLastWorkspace",
            "type": "personal"
        },
        {
            "id": "e08a0c50-dfbd-4bae-80be-d6cfc6a9fcfe",
            "name": "My Workspace",
            "type": "personal"
        }
    ]
}
]]></system-out>
  </testcase>
  <testcase name="hamcrestAssertOfExtractedResponse" classname="rest.AutomateGetTest" time="0.819">
    <system-out><![CDATA[HTTP/1.1 200 OK
Access-Control-Allow-Origin: *
Content-Encoding: gzip
Content-Type: application/json; charset=utf-8
Date: Sat, 14 Aug 2021 22:13:33 GMT
ETag: W/"117-N/bAAYkc7htaIAny3w/rDId8NfU"
Server: nginx
Vary: Accept-Encoding
x-frame-options: SAMEORIGIN
X-RateLimit-Limit: 60
X-RateLimit-Remaining: 54
X-RateLimit-Reset: 1628979244
x-srv-span: v=1;s=54559327caac1868
x-srv-trace: v=1;t=43fe3964ad36868a
Content-Length: 180
Connection: keep-alive

{
    "workspaces": [
        {
            "id": "ab4c35c8-6890-4591-b547-de7fcd09edfd",
            "name": "MyNewWorkspace",
            "type": "personal"
        },
        {
            "id": "c494bed1-391c-4f96-8ddd-108cde3acf46",
            "name": "MyLastWorkspace",
            "type": "personal"
        },
        {
            "id": "e08a0c50-dfbd-4bae-80be-d6cfc6a9fcfe",
            "name": "My Workspace",
            "type": "personal"
        }
    ]
}
]]></system-out>
  </testcase>
  <testcase name="printExtractedHeaders" classname="rest.AutomateGetTest" time="0.833">
    <system-out><![CDATA[HTTP/1.1 200 OK
Date: Sat, 14 Aug 2021 22:13:34 GMT
Content-Type: application/json; charset=utf-8
Transfer-Encoding: chunked
Connection: keep-alive
Server: nginx
x-srv-trace: v=1;t=b81ed27e2ce0e1de
x-srv-span: v=1;s=6866518027fed2a5
Access-Control-Allow-Origin: *
X-RateLimit-Limit: 120
X-RateLimit-Remaining: 117
X-RateLimit-Reset: 1628979268
headerResponse: resValue2
ETag: W/"1d-Ddwrw48ax0ZWYGj8bwONK3UIwr4"
Vary: Accept-Encoding
Content-Encoding: gzip

{
    "msg": "HeaderValue2"
}
Date --- Sat, 14 Aug 2021 22:13:34 GMT
Content-Type --- application/json; charset=utf-8
Transfer-Encoding --- chunked
Connection --- keep-alive
Server --- nginx
x-srv-trace --- v=1;t=b81ed27e2ce0e1de
x-srv-span --- v=1;s=6866518027fed2a5
Access-Control-Allow-Origin --- *
X-RateLimit-Limit --- 120
X-RateLimit-Remaining --- 117
X-RateLimit-Reset --- 1628979268
headerResponse --- resValue2
ETag --- W/"1d-Ddwrw48ax0ZWYGj8bwONK3UIwr4"
Vary --- Accept-Encoding
Content-Encoding --- gzip
]]></system-out>
  </testcase>
</testsuite>